TN:
SF:src\index.ts
FN:3,(anonymous_0)
FN:4,(anonymous_1)
FN:5,(anonymous_2)
FN:6,(anonymous_3)
FN:9,(anonymous_4)
FN:10,(anonymous_5)
FN:11,(anonymous_6)
FN:12,(anonymous_7)
FN:13,(anonymous_8)
FN:14,(anonymous_9)
FNF:10
FNH:0
FNDA:0,(anonymous_0)
FNDA:0,(anonymous_1)
FNDA:0,(anonymous_2)
FNDA:0,(anonymous_3)
FNDA:0,(anonymous_4)
FNDA:0,(anonymous_5)
FNDA:0,(anonymous_6)
FNDA:0,(anonymous_7)
FNDA:0,(anonymous_8)
FNDA:0,(anonymous_9)
DA:3,0
DA:4,0
DA:5,0
DA:6,0
DA:9,0
DA:10,0
DA:11,0
DA:12,0
DA:13,0
DA:14,0
LF:10
LH:0
BRF:0
BRH:0
end_of_record
TN:
SF:src\cli\index.ts
FN:19,resolveVersion
FN:86,(anonymous_11)
FN:88,(anonymous_12)
FNF:3
FNH:0
FNDA:0,resolveVersion
FNDA:0,(anonymous_11)
FNDA:0,(anonymous_12)
DA:6,0
DA:7,0
DA:8,0
DA:9,0
DA:10,0
DA:11,0
DA:12,0
DA:13,0
DA:14,0
DA:15,0
DA:16,0
DA:20,0
DA:24,0
DA:25,0
DA:26,0
DA:27,0
DA:28,0
DA:32,0
DA:35,0
DA:37,0
DA:42,0
DA:49,0
DA:57,0
DA:63,0
DA:69,0
DA:74,0
DA:79,0
DA:82,0
DA:86,0
DA:87,0
DA:88,0
DA:89,0
DA:90,0
DA:91,0
DA:93,0
LF:35
LH:0
BRDA:25,0,0,0
BRDA:28,1,0,0
BRDA:86,2,0,0
BRDA:86,2,1,0
BRF:4
BRH:0
end_of_record
TN:
SF:src\cli\commands\generate.ts
FN:14,generateCommand
FNF:1
FNH:1
FNDA:2,generateCommand
DA:3,1
DA:4,1
DA:5,1
DA:6,1
DA:14,1
DA:15,2
DA:17,2
DA:18,0
DA:19,0
DA:22,2
DA:24,2
DA:26,2
DA:27,2
DA:33,2
DA:34,2
DA:36,0
LF:16
LH:13
BRDA:17,0,0,0
BRF:1
BRH:0
end_of_record
TN:
SF:src\cli\commands\init.ts
FN:12,initCommand
FNF:1
FNH:1
FNDA:1,initCommand
DA:3,1
DA:4,1
DA:5,1
DA:12,1
DA:13,1
DA:14,1
DA:16,1
DA:17,0
DA:18,0
DA:21,1
DA:24,1
DA:25,1
DA:26,1
DA:27,1
DA:30,1
DA:40,1
DA:46,1
DA:47,1
DA:59,1
DA:63,0
DA:64,0
DA:73,0
DA:76,1
DA:77,1
DA:78,1
DA:79,1
LF:26
LH:21
BRDA:16,0,0,0
BRDA:16,1,0,1
BRDA:16,1,1,0
BRDA:46,2,0,1
BRDA:46,2,1,0
BRDA:63,3,0,0
BRF:6
BRH:2
end_of_record
TN:
SF:src\cli\commands\login.ts
FN:11,loginCommand
FNF:1
FNH:1
FNDA:2,loginCommand
DA:3,1
DA:4,1
DA:5,1
DA:11,1
DA:12,2
DA:14,2
DA:16,2
DA:17,1
DA:25,1
DA:28,2
DA:29,2
DA:30,2
DA:32,0
LF:13
LH:12
BRDA:16,0,0,1
BRF:1
BRH:1
end_of_record
TN:
SF:src\cli\commands\logout.ts
FN:6,logoutCommand
FNF:1
FNH:1
FNDA:1,logoutCommand
DA:3,1
DA:4,1
DA:6,1
DA:7,1
DA:8,1
DA:9,1
LF:6
LH:6
BRF:0
BRH:0
end_of_record
TN:
SF:src\cli\commands\plugin.ts
FN:12,pluginCommand
FN:18,(anonymous_11)
FN:20,(anonymous_12)
FNF:3
FNH:0
FNDA:0,pluginCommand
FNDA:0,(anonymous_11)
FNDA:0,(anonymous_12)
DA:3,0
DA:4,0
DA:5,0
DA:6,0
DA:12,0
DA:14,0
DA:18,0
DA:19,0
DA:20,0
DA:21,0
DA:22,0
DA:23,0
DA:25,0
DA:26,0
DA:27,0
DA:28,0
DA:29,0
DA:31,0
DA:33,0
LF:19
LH:0
BRDA:18,0,0,0
BRDA:18,0,1,0
BRDA:21,1,0,0
BRDA:27,2,0,0
BRF:4
BRH:0
end_of_record
TN:
SF:src\cli\commands\validate.ts
FN:7,validateCommand
FN:24,(anonymous_11)
FNF:2
FNH:0
FNDA:0,validateCommand
FNDA:0,(anonymous_11)
DA:3,0
DA:4,0
DA:5,0
DA:7,0
DA:8,0
DA:9,0
DA:10,0
DA:13,0
DA:15,0
DA:17,0
DA:18,0
DA:20,0
DA:21,0
DA:23,0
DA:24,0
DA:25,0
DA:29,0
LF:17
LH:0
BRDA:8,0,0,0
BRDA:20,1,0,0
BRDA:20,1,1,0
BRF:3
BRH:0
end_of_record
TN:
SF:src\core\auth.ts
FN:7,(anonymous_9)
FN:11,(anonymous_10)
FN:26,(anonymous_11)
FN:45,(anonymous_12)
FNF:4
FNH:4
FNDA:5,(anonymous_9)
FNDA:4,(anonymous_10)
FNDA:2,(anonymous_11)
FNDA:1,(anonymous_12)
DA:3,1
DA:4,1
DA:5,1
DA:7,1
DA:8,5
DA:9,5
DA:13,4
DA:19,4
DA:20,4
DA:23,4
DA:28,2
DA:29,0
DA:31,2
DA:32,0
DA:34,2
DA:35,2
DA:36,2
DA:37,1
DA:39,1
DA:41,0
DA:46,1
DA:47,1
LF:22
LH:19
BRDA:19,0,0,4
BRDA:28,1,0,0
BRDA:31,2,0,0
BRDA:36,3,0,1
BRDA:46,4,0,1
BRF:5
BRH:3
end_of_record
TN:
SF:src\core\generator.ts
FN:14,(anonymous_9)
FN:31,(anonymous_10)
FN:45,(anonymous_11)
FN:59,(anonymous_12)
FN:68,(anonymous_13)
FN:115,(anonymous_14)
FN:129,(anonymous_15)
FNF:7
FNH:7
FNDA:2,(anonymous_9)
FNDA:2,(anonymous_10)
FNDA:1,(anonymous_11)
FNDA:1,(anonymous_12)
FNDA:1,(anonymous_13)
FNDA:1,(anonymous_14)
FNDA:1,(anonymous_15)
DA:3,1
DA:4,1
DA:5,1
DA:13,1
DA:15,2
DA:17,2
DA:18,2
DA:20,2
DA:22,2
DA:23,1
DA:24,1
DA:25,1
DA:27,0
DA:32,2
DA:34,2
DA:35,0
DA:36,2
DA:37,2
DA:38,0
DA:39,0
DA:42,0
DA:46,1
DA:48,1
DA:53,1
DA:60,1
DA:62,1
DA:69,1
DA:70,0
DA:89,1
DA:116,1
DA:130,1
LF:31
LH:25
BRDA:22,0,0,1
BRDA:22,0,1,1
BRDA:24,1,0,1
BRDA:24,1,1,0
BRDA:34,2,0,0
BRDA:34,2,1,2
BRDA:36,3,0,2
BRDA:36,3,1,0
BRDA:36,4,0,2
BRDA:36,4,1,0
BRDA:38,5,0,0
BRDA:38,6,0,0
BRDA:38,6,1,0
BRDA:69,7,0,0
BRF:14
BRH:6
end_of_record
TN:
SF:src\core\validator.ts
FN:13,(anonymous_9)
FNF:1
FNH:1
FNDA:4,(anonymous_9)
DA:3,1
DA:4,1
DA:5,1
DA:12,1
DA:14,4
DA:16,4
DA:17,4
DA:18,4
DA:21,4
DA:22,0
DA:23,4
DA:25,3
DA:26,3
DA:28,0
DA:30,3
DA:31,1
DA:33,1
DA:34,0
DA:36,1
DA:37,1
DA:41,2
DA:42,2
DA:43,0
DA:45,2
DA:46,1
DA:48,2
DA:49,1
DA:53,2
DA:55,1
DA:56,1
LF:30
LH:26
BRDA:21,0,0,0
BRDA:21,0,1,4
BRDA:23,1,0,3
BRDA:23,1,1,1
BRDA:23,2,0,4
BRDA:23,2,1,1
BRDA:30,3,0,1
BRDA:30,4,0,3
BRDA:30,4,1,3
BRDA:30,4,2,3
BRDA:33,5,0,0
BRDA:33,5,1,1
BRDA:33,6,0,1
BRDA:33,6,1,1
BRDA:41,7,0,2
BRDA:42,8,0,0
BRDA:42,9,0,2
BRDA:42,9,1,2
BRDA:45,10,0,1
BRDA:45,11,0,2
BRDA:45,11,1,2
BRDA:48,12,0,1
BRDA:48,13,0,2
BRDA:48,13,1,2
BRF:24
BRH:21
end_of_record
TN:
SF:src\plugins\plugin.ts
FN:24,loadPlugins
FNF:1
FNH:1
FNDA:1,loadPlugins
DA:3,1
DA:4,1
DA:24,1
DA:25,1
DA:26,1
DA:28,1
DA:29,1
DA:31,16
DA:33,4
DA:34,4
DA:35,4
DA:36,4
DA:37,3
DA:40,1
LF:14
LH:14
BRDA:26,0,0,0
BRDA:31,1,0,12
BRDA:34,2,0,4
BRDA:34,2,1,1
BRDA:35,3,0,3
BRDA:35,3,1,1
BRDA:36,4,0,3
BRDA:36,5,0,4
BRDA:36,5,1,4
BRDA:36,5,2,3
BRF:10
BRH:9
end_of_record
TN:
SF:src\plugins\pythonGenerator.ts
FN:7,(anonymous_1)
FN:10,(anonymous_2)
FN:14,(anonymous_3)
FNF:3
FNH:0
FNDA:0,(anonymous_1)
FNDA:0,(anonymous_2)
FNDA:0,(anonymous_3)
DA:3,0
DA:5,0
DA:7,0
DA:8,0
DA:15,0
DA:16,0
DA:17,0
DA:18,0
DA:19,0
DA:20,0
DA:22,0
DA:23,0
LF:12
LH:0
BRF:0
BRH:0
end_of_record
TN:
SF:src\plugins\specLint.ts
FN:7,(anonymous_1)
FN:10,(anonymous_2)
FN:14,(anonymous_3)
FN:20,(anonymous_4)
FNF:4
FNH:0
FNDA:0,(anonymous_1)
FNDA:0,(anonymous_2)
FNDA:0,(anonymous_3)
FNDA:0,(anonymous_4)
DA:4,0
DA:5,0
DA:7,0
DA:8,0
DA:15,0
DA:16,0
DA:17,0
DA:18,0
DA:19,0
DA:20,0
DA:22,0
DA:24,0
LF:12
LH:0
BRDA:18,0,0,0
BRDA:18,0,1,0
BRF:2
BRH:0
end_of_record
TN:
SF:src\plugins\typescriptGenerator.ts
FN:7,(anonymous_1)
FN:10,(anonymous_2)
FN:14,(anonymous_3)
FNF:3
FNH:0
FNDA:0,(anonymous_1)
FNDA:0,(anonymous_2)
FNDA:0,(anonymous_3)
DA:3,0
DA:5,0
DA:7,0
DA:8,0
DA:15,0
DA:16,0
DA:17,0
DA:18,0
DA:19,0
DA:20,0
DA:22,0
DA:23,0
LF:12
LH:0
BRF:0
BRH:0
end_of_record
