TN:
SF:src\index.ts
FN:3,(anonymous_0)
FN:4,(anonymous_1)
FN:5,(anonymous_2)
FN:6,(anonymous_3)
FN:7,(anonymous_4)
FN:7,(anonymous_5)
FN:8,(anonymous_6)
FN:11,(anonymous_7)
FN:12,(anonymous_8)
FN:13,(anonymous_9)
FN:14,(anonymous_10)
FN:15,(anonymous_11)
FN:16,(anonymous_12)
FN:17,(anonymous_13)
FN:18,(anonymous_14)
FN:21,(anonymous_15)
FN:25,(anonymous_16)
FN:26,(anonymous_17)
FN:27,(anonymous_18)
FN:28,(anonymous_19)
FN:33,(anonymous_20)
FN:33,(anonymous_21)
FN:33,(anonymous_22)
FN:33,(anonymous_23)
FN:33,(anonymous_24)
FN:36,(anonymous_25)
FNF:26
FNH:0
FNDA:0,(anonymous_0)
FNDA:0,(anonymous_1)
FNDA:0,(anonymous_2)
FNDA:0,(anonymous_3)
FNDA:0,(anonymous_4)
FNDA:0,(anonymous_5)
FNDA:0,(anonymous_6)
FNDA:0,(anonymous_7)
FNDA:0,(anonymous_8)
FNDA:0,(anonymous_9)
FNDA:0,(anonymous_10)
FNDA:0,(anonymous_11)
FNDA:0,(anonymous_12)
FNDA:0,(anonymous_13)
FNDA:0,(anonymous_14)
FNDA:0,(anonymous_15)
FNDA:0,(anonymous_16)
FNDA:0,(anonymous_17)
FNDA:0,(anonymous_18)
FNDA:0,(anonymous_19)
FNDA:0,(anonymous_20)
FNDA:0,(anonymous_21)
FNDA:0,(anonymous_22)
FNDA:0,(anonymous_23)
FNDA:0,(anonymous_24)
FNDA:0,(anonymous_25)
DA:3,0
DA:4,0
DA:5,0
DA:6,0
DA:7,0
DA:8,0
DA:11,0
DA:12,0
DA:13,0
DA:14,0
DA:15,0
DA:16,0
DA:17,0
DA:18,0
DA:21,0
DA:24,0
DA:25,0
DA:26,0
DA:27,0
DA:28,0
DA:33,0
DA:36,0
LF:22
LH:0
BRF:0
BRH:0
end_of_record
TN:
SF:src\cli\index.ts
FN:24,resolveVersion
FN:58,(anonymous_11)
FN:64,(anonymous_12)
FN:81,(anonymous_13)
FN:91,(anonymous_14)
FN:250,(anonymous_15)
FN:251,(anonymous_16)
FN:270,(anonymous_17)
FN:288,(anonymous_18)
FN:292,(anonymous_19)
FNF:10
FNH:0
FNDA:0,resolveVersion
FNDA:0,(anonymous_11)
FNDA:0,(anonymous_12)
FNDA:0,(anonymous_13)
FNDA:0,(anonymous_14)
FNDA:0,(anonymous_15)
FNDA:0,(anonymous_16)
FNDA:0,(anonymous_17)
FNDA:0,(anonymous_18)
FNDA:0,(anonymous_19)
DA:6,0
DA:7,0
DA:8,0
DA:9,0
DA:10,0
DA:11,0
DA:12,0
DA:13,0
DA:14,0
DA:15,0
DA:16,0
DA:17,0
DA:18,0
DA:19,0
DA:20,0
DA:21,0
DA:25,0
DA:27,0
DA:28,0
DA:29,0
DA:30,0
DA:33,0
DA:34,0
DA:35,0
DA:36,0
DA:41,0
DA:44,0
DA:45,0
DA:50,0
DA:53,0
DA:54,0
DA:55,0
DA:58,0
DA:59,0
DA:60,0
DA:61,0
DA:64,0
DA:65,0
DA:66,0
DA:67,0
DA:71,0
DA:79,0
DA:82,0
DA:85,0
DA:87,0
DA:93,0
DA:94,0
DA:96,0
DA:112,0
DA:131,0
DA:160,0
DA:179,0
DA:200,0
DA:202,0
DA:207,0
DA:227,0
DA:245,0
DA:247,0
DA:249,0
DA:250,0
DA:252,0
DA:254,0
DA:255,0
DA:257,0
DA:258,0
DA:260,0
DA:261,0
DA:263,0
DA:264,0
DA:266,0
DA:267,0
DA:271,0
DA:272,0
DA:274,0
DA:276,0
DA:281,0
DA:283,0
DA:284,0
DA:288,0
DA:290,0
DA:291,0
DA:292,0
DA:293,0
DA:294,0
DA:296,0
DA:305,0
LF:86
LH:0
BRDA:28,0,0,0
BRDA:34,1,0,0
BRDA:82,2,0,0
BRDA:82,2,1,0
BRDA:93,3,0,0
BRDA:93,4,0,0
BRDA:93,4,1,0
BRDA:245,5,0,0
BRDA:245,5,1,0
BRDA:247,6,0,0
BRDA:247,6,1,0
BRDA:252,7,0,0
BRDA:252,7,1,0
BRDA:252,7,2,0
BRDA:252,7,3,0
BRDA:252,7,4,0
BRDA:271,8,0,0
BRDA:271,8,1,0
BRDA:283,9,0,0
BRDA:288,10,0,0
BRDA:288,10,1,0
BRF:21
BRH:0
end_of_record
TN:
SF:src\cli\commands\config.ts
FN:14,configCommand
FN:90,displayConfigSection
FNF:2
FNH:0
FNDA:0,configCommand
FNDA:0,displayConfigSection
DA:3,0
DA:4,0
DA:5,0
DA:6,0
DA:14,0
DA:15,0
DA:16,0
DA:19,0
DA:20,0
DA:22,0
DA:23,0
DA:24,0
DA:25,0
DA:28,0
DA:29,0
DA:31,0
DA:35,0
DA:39,0
DA:40,0
DA:41,0
DA:42,0
DA:44,0
DA:45,0
DA:47,0
DA:51,0
DA:52,0
DA:54,0
DA:55,0
DA:56,0
DA:57,0
DA:60,0
DA:61,0
DA:64,0
DA:65,0
DA:66,0
DA:69,0
DA:70,0
DA:71,0
DA:74,0
DA:75,0
DA:76,0
DA:79,0
DA:80,0
DA:81,0
DA:84,0
DA:85,0
DA:86,0
DA:91,0
DA:92,0
DA:93,0
LF:50
LH:0
BRDA:19,0,0,0
BRDA:22,1,0,0
BRDA:39,2,0,0
BRDA:41,3,0,0
BRDA:41,3,1,0
BRDA:54,4,0,0
BRDA:64,5,0,0
BRDA:69,6,0,0
BRDA:74,7,0,0
BRDA:79,8,0,0
BRDA:84,9,0,0
BRDA:92,10,0,0
BRDA:92,10,1,0
BRF:13
BRH:0
end_of_record
TN:
SF:src\cli\commands\generate.ts
FN:22,generateCommand
FN:100,(anonymous_10)
FN:124,(anonymous_11)
FN:148,formatDuration
FN:153,listGeneratedFiles
FNF:5
FNH:5
FNDA:5,generateCommand
FNDA:3,(anonymous_10)
FNDA:6,(anonymous_11)
FNDA:3,formatDuration
FNDA:3,listGeneratedFiles
DA:3,1
DA:4,1
DA:5,1
DA:6,1
DA:7,1
DA:8,1
DA:9,1
DA:10,1
DA:20,1
DA:22,1
DA:24,5
DA:30,5
DA:31,5
DA:32,5
DA:34,5
DA:35,5
DA:38,5
DA:39,5
DA:40,0
DA:44,5
DA:45,1
DA:46,1
DA:47,1
DA:51,4
DA:52,1
DA:56,1
DA:60,3
DA:61,0
DA:62,0
DA:66,3
DA:79,3
DA:80,0
DA:86,3
DA:88,3
DA:89,3
DA:91,3
DA:93,3
DA:94,3
DA:99,3
DA:100,3
DA:102,3
DA:104,3
DA:111,3
DA:113,3
DA:115,3
DA:117,3
DA:118,3
DA:121,3
DA:122,3
DA:123,3
DA:124,6
DA:129,3
DA:135,3
DA:136,3
DA:137,3
DA:139,0
DA:140,0
DA:141,0
DA:142,0
DA:143,0
DA:144,0
DA:149,3
DA:150,1
DA:154,3
DA:155,3
DA:156,3
DA:157,3
DA:158,3
DA:159,6
DA:160,6
DA:161,0
DA:163,6
DA:169,3
LF:73
LH:62
BRDA:27,0,0,0
BRDA:28,1,0,0
BRDA:32,2,0,0
BRDA:32,2,1,5
BRDA:39,3,0,0
BRDA:44,4,0,1
BRDA:51,5,0,1
BRDA:60,6,0,0
BRDA:74,7,0,0
BRDA:74,7,1,3
BRDA:79,8,0,0
BRDA:79,9,0,3
BRDA:79,9,1,3
BRDA:89,10,0,3
BRDA:99,11,0,3
BRDA:102,12,0,3
BRDA:111,13,0,3
BRDA:115,14,0,3
BRDA:122,15,0,3
BRDA:139,16,0,0
BRDA:149,17,0,2
BRDA:153,18,0,3
BRDA:156,19,0,0
BRDA:160,20,0,0
BRDA:160,20,1,6
BRF:25
BRH:15
end_of_record
TN:
SF:src\cli\commands\init.ts
FN:17,initCommand
FNF:1
FNH:1
FNDA:1,initCommand
DA:3,1
DA:4,1
DA:5,1
DA:6,1
DA:7,1
DA:8,1
DA:15,1
DA:17,1
DA:19,1
DA:20,1
DA:21,1
DA:24,1
DA:25,0
DA:29,0
DA:30,0
DA:33,1
DA:34,1
DA:36,1
DA:38,1
DA:39,0
DA:40,0
DA:44,0
DA:45,0
DA:48,1
DA:49,1
DA:51,1
DA:57,1
DA:58,1
DA:59,1
DA:60,1
DA:63,1
DA:74,1
DA:77,1
DA:78,1
DA:119,1
DA:120,0
DA:121,0
DA:151,0
DA:155,1
DA:179,1
DA:182,1
DA:184,1
DA:186,1
DA:196,1
DA:202,1
DA:204,0
DA:205,0
DA:206,0
DA:207,0
LF:49
LH:35
BRDA:20,0,0,0
BRDA:20,1,0,0
BRDA:24,2,0,0
BRDA:38,3,0,0
BRDA:38,4,0,1
BRDA:38,4,1,0
BRDA:49,5,0,1
BRDA:77,6,0,1
BRDA:77,6,1,0
BRDA:120,7,0,0
BRDA:182,8,0,1
BRDA:204,9,0,0
BRF:12
BRH:4
end_of_record
TN:
SF:src\cli\commands\login.ts
FN:12,loginCommand
FNF:1
FNH:1
FNDA:2,loginCommand
DA:3,1
DA:4,1
DA:5,1
DA:6,1
DA:12,1
DA:13,2
DA:14,2
DA:16,2
DA:19,2
DA:20,2
DA:21,0
DA:23,0
DA:25,0
DA:26,0
DA:27,0
DA:31,2
DA:33,2
DA:34,1
DA:35,1
DA:37,1
DA:38,0
DA:39,0
DA:41,1
DA:42,0
DA:43,0
DA:47,2
DA:48,2
DA:50,2
DA:51,2
DA:52,2
DA:54,2
DA:55,2
DA:57,2
DA:59,2
DA:64,0
DA:65,0
DA:66,0
DA:67,0
LF:38
LH:25
BRDA:20,0,0,0
BRDA:25,1,0,0
BRDA:33,2,0,1
BRDA:37,3,0,0
BRDA:37,4,0,1
BRDA:37,4,1,1
BRDA:41,5,0,0
BRDA:48,6,0,2
BRF:8
BRH:4
end_of_record
TN:
SF:src\cli\commands\logout.ts
FN:6,logoutCommand
FNF:1
FNH:1
FNDA:1,logoutCommand
DA:3,1
DA:4,1
DA:6,1
DA:7,1
DA:8,1
DA:10,1
DA:13,1
DA:14,1
DA:15,0
DA:16,0
DA:19,1
DA:20,1
DA:22,1
DA:24,1
LF:14
LH:12
BRDA:14,0,0,0
BRF:1
BRH:0
end_of_record
TN:
SF:src\cli\commands\plugin.ts
FN:13,pluginCommand
FN:22,(anonymous_10)
FN:38,(anonymous_11)
FN:45,(anonymous_12)
FN:52,(anonymous_13)
FN:90,formatDuration
FNF:6
FNH:4
FNDA:2,pluginCommand
FNDA:2,(anonymous_10)
FNDA:0,(anonymous_11)
FNDA:1,(anonymous_12)
FNDA:0,(anonymous_13)
FNDA:1,formatDuration
DA:3,1
DA:4,1
DA:5,1
DA:6,1
DA:7,1
DA:13,1
DA:14,2
DA:15,2
DA:18,2
DA:22,2
DA:25,2
DA:26,2
DA:28,0
DA:29,0
DA:33,2
DA:34,0
DA:35,0
DA:37,0
DA:38,0
DA:39,0
DA:42,0
DA:45,2
DA:47,2
DA:48,1
DA:50,1
DA:51,0
DA:52,0
DA:53,0
DA:56,1
DA:59,1
DA:62,1
DA:63,1
DA:64,1
DA:67,1
DA:68,1
DA:70,1
DA:71,1
DA:72,1
DA:73,1
DA:75,1
DA:77,1
DA:78,0
DA:79,0
DA:82,1
DA:84,0
DA:85,0
DA:86,0
DA:91,1
DA:92,0
LF:49
LH:32
BRDA:22,0,0,2
BRDA:22,0,1,0
BRDA:33,1,0,0
BRDA:33,2,0,2
BRDA:33,2,1,2
BRDA:34,3,0,0
BRDA:34,3,1,0
BRDA:47,4,0,1
BRDA:50,5,0,0
BRDA:50,5,1,1
BRDA:63,6,0,1
BRDA:68,7,0,1
BRDA:77,8,0,0
BRDA:91,9,0,1
BRF:14
BRH:8
end_of_record
TN:
SF:src\cli\commands\validate.ts
FN:12,validateCommand
FN:82,(anonymous_10)
FN:103,formatDuration
FNF:3
FNH:3
FNDA:3,validateCommand
FNDA:2,(anonymous_10)
FNDA:1,formatDuration
DA:3,1
DA:4,1
DA:5,1
DA:6,1
DA:7,1
DA:8,1
DA:9,1
DA:10,1
DA:12,1
DA:14,3
DA:16,3
DA:17,3
DA:20,3
DA:21,1
DA:22,1
DA:23,1
DA:26,2
DA:27,2
DA:29,2
DA:37,2
DA:39,2
DA:40,2
DA:42,2
DA:43,2
DA:45,2
DA:46,2
DA:47,2
DA:49,2
DA:50,2
DA:52,2
DA:53,1
DA:56,1
DA:57,1
DA:59,1
DA:60,1
DA:61,1
DA:63,1
DA:64,1
DA:65,1
DA:66,1
DA:67,1
DA:69,1
DA:70,1
DA:77,1
DA:79,1
DA:81,1
DA:82,1
DA:83,2
DA:86,1
DA:92,1
DA:93,1
DA:96,1
DA:97,1
DA:98,1
DA:99,1
DA:104,1
DA:105,0
LF:57
LH:56
BRDA:20,0,0,1
BRDA:26,1,0,0
BRDA:26,1,1,2
BRDA:40,2,0,2
BRDA:52,3,0,1
BRDA:52,3,1,1
BRDA:59,4,0,1
BRDA:59,5,0,1
BRDA:59,5,1,0
BRDA:59,5,2,0
BRDA:61,6,0,0
BRDA:61,6,1,1
BRDA:63,7,0,1
BRDA:66,8,0,1
BRDA:66,8,1,0
BRDA:67,9,0,1
BRDA:67,9,1,0
BRDA:69,10,0,1
BRDA:69,10,1,0
BRDA:104,11,0,1
BRF:20
BRH:13
end_of_record
TN:
SF:src\cli\commands\whoami.ts
FN:9,whoamiCommand
FNF:1
FNH:1
FNDA:2,whoamiCommand
DA:3,1
DA:4,1
DA:9,1
DA:10,2
DA:11,2
DA:13,2
DA:16,2
DA:17,0
DA:18,0
DA:19,0
DA:20,0
DA:23,2
DA:25,2
DA:26,1
DA:27,1
DA:31,1
DA:35,1
DA:36,0
DA:37,0
DA:38,0
DA:39,0
DA:43,1
DA:45,1
DA:47,1
DA:48,1
DA:50,1
DA:51,1
DA:53,1
DA:56,1
DA:59,1
LF:30
LH:22
BRDA:16,0,0,0
BRDA:25,1,0,1
BRDA:35,2,0,0
BRDA:51,3,0,1
BRDA:53,4,0,1
BRDA:53,4,1,0
BRF:6
BRH:3
end_of_record
TN:
SF:src\cli\utils\config.ts
FN:119,findConfigFile
FN:139,loadConfigFile
FN:172,loadConfig
FN:206,getConfigValue
FN:224,clearConfigCache
FN:232,getConfigPath
FN:241,mergeWithConfig
FN:264,createSampleConfig
FNF:8
FNH:6
FNDA:16,findConfigFile
FNDA:4,loadConfigFile
FNDA:16,loadConfig
FNDA:0,getConfigValue
FNDA:8,clearConfigCache
FNDA:5,getConfigPath
FNDA:9,mergeWithConfig
FNDA:0,createSampleConfig
DA:8,4
DA:9,4
DA:10,4
DA:11,4
DA:53,4
DA:54,4
DA:108,4
DA:113,4
DA:114,4
DA:119,4
DA:120,16
DA:123,16
DA:124,30
DA:125,86
DA:126,86
DA:127,2
DA:130,28
DA:133,14
DA:139,4
DA:140,4
DA:144,4
DA:145,1
DA:151,3
DA:155,3
DA:156,3
DA:158,0
DA:161,3
DA:162,2
DA:163,2
DA:166,1
DA:172,4
DA:174,16
DA:175,0
DA:176,0
DA:177,0
DA:181,16
DA:183,16
DA:185,14
DA:186,14
DA:187,14
DA:190,2
DA:191,2
DA:192,1
DA:193,1
DA:194,1
DA:196,1
DA:197,1
DA:198,1
DA:199,1
DA:206,4
DA:207,0
DA:208,0
DA:209,0
DA:211,0
DA:212,0
DA:213,0
DA:215,0
DA:218,0
DA:224,4
DA:225,8
DA:226,8
DA:232,4
DA:233,5
DA:234,5
DA:241,4
DA:245,9
DA:246,9
DA:249,9
DA:251,9
DA:253,17
DA:254,16
DA:258,9
DA:264,4
DA:265,0
DA:285,0
DA:286,0
DA:287,0
LF:77
LH:61
BRDA:119,0,0,0
BRDA:126,1,0,2
BRDA:144,2,0,1
BRDA:161,3,0,2
BRDA:172,4,0,14
BRDA:174,5,0,0
BRDA:174,6,0,16
BRDA:174,6,1,11
BRDA:176,7,0,0
BRDA:183,8,0,14
BRDA:212,9,0,0
BRDA:212,10,0,0
BRDA:212,10,1,0
BRDA:218,11,0,0
BRDA:218,11,1,0
BRDA:246,12,0,9
BRDA:246,12,1,9
BRDA:253,13,0,16
BRDA:264,14,0,0
BRF:19
BRH:10
end_of_record
TN:
SF:src\cli\utils\interactive.ts
FN:20,prompt
FN:33,(anonymous_11)
FN:34,(anonymous_12)
FN:47,select
FN:55,(anonymous_14)
FN:78,confirm
FN:89,password
FN:106,initWizard
FN:134,generateWizard
FN:186,loginWizard
FN:206,interactiveMode
FNF:11
FNH:0
FNDA:0,prompt
FNDA:0,(anonymous_11)
FNDA:0,(anonymous_12)
FNDA:0,select
FNDA:0,(anonymous_14)
FNDA:0,confirm
FNDA:0,password
FNDA:0,initWizard
FNDA:0,generateWizard
FNDA:0,loginWizard
FNDA:0,interactiveMode
DA:8,0
DA:9,0
DA:10,0
DA:12,0
DA:20,0
DA:21,0
DA:26,0
DA:27,0
DA:28,0
DA:29,0
DA:31,0
DA:33,0
DA:34,0
DA:35,0
DA:36,0
DA:39,0
DA:47,0
DA:52,0
DA:53,0
DA:55,0
DA:56,0
DA:58,0
DA:59,0
DA:62,0
DA:64,0
DA:66,0
DA:67,0
DA:69,0
DA:70,0
DA:72,0
DA:78,0
DA:79,0
DA:80,0
DA:82,0
DA:83,0
DA:89,0
DA:90,0
DA:91,0
DA:100,0
DA:106,0
DA:107,0
DA:109,0
DA:110,0
DA:111,0
DA:113,0
DA:114,0
DA:122,0
DA:124,0
DA:125,0
DA:128,0
DA:134,0
DA:140,0
DA:142,0
DA:144,0
DA:145,0
DA:148,0
DA:149,0
DA:152,0
DA:153,0
DA:154,0
DA:155,0
DA:159,0
DA:166,0
DA:174,0
DA:176,0
DA:177,0
DA:180,0
DA:186,0
DA:187,0
DA:189,0
DA:192,0
DA:194,0
DA:196,0
DA:197,0
DA:200,0
DA:206,0
DA:207,0
DA:209,0
DA:222,0
DA:224,0
DA:226,0
DA:229,0
DA:232,0
DA:233,0
DA:234,0
DA:235,0
DA:239,0
DA:242,0
DA:245,0
DA:246,0
DA:247,0
DA:250,0
LF:92
LH:0
BRDA:28,0,0,0
BRDA:28,0,1,0
BRDA:36,1,0,0
BRDA:36,1,1,0
BRDA:36,1,2,0
BRDA:50,2,0,0
BRDA:59,3,0,0
BRDA:59,3,1,0
BRDA:69,4,0,0
BRDA:69,5,0,0
BRDA:69,5,1,0
BRDA:78,6,0,0
BRDA:79,7,0,0
BRDA:79,7,1,0
BRDA:82,8,0,0
BRDA:82,9,0,0
BRDA:82,9,1,0
BRDA:124,10,0,0
BRDA:144,11,0,0
BRDA:152,12,0,0
BRDA:154,13,0,0
BRDA:163,14,0,0
BRDA:163,14,1,0
BRDA:176,15,0,0
BRDA:196,16,0,0
BRDA:196,17,0,0
BRDA:196,17,1,0
BRDA:224,18,0,0
BRDA:224,18,1,0
BRDA:224,18,2,0
BRDA:224,18,3,0
BRDA:224,18,4,0
BRDA:224,18,5,0
BRDA:224,18,6,0
BRF:34
BRH:0
end_of_record
TN:
SF:src\cli\utils\spinner.ts
FN:14,noopSpinner
FN:16,(anonymous_10)
FN:17,(anonymous_11)
FN:20,(anonymous_12)
FN:23,(anonymous_13)
FN:31,createSpinner
FN:36,(anonymous_15)
FNF:7
FNH:4
FNDA:7,noopSpinner
FNDA:7,(anonymous_10)
FNDA:8,(anonymous_11)
FNDA:0,(anonymous_12)
FNDA:0,(anonymous_13)
FNDA:7,createSpinner
FNDA:0,(anonymous_15)
DA:15,7
DA:16,7
DA:21,0
DA:24,0
DA:28,7
DA:31,4
DA:32,7
DA:33,7
DA:35,0
DA:36,0
DA:37,0
DA:40,0
DA:47,0
LF:13
LH:6
BRDA:21,0,0,0
BRDA:24,1,0,0
BRDA:32,2,0,7
BRDA:32,3,0,7
BRDA:32,3,1,7
BRDA:32,3,2,7
BRDA:37,4,0,0
BRDA:37,4,1,0
BRF:8
BRH:4
end_of_record
TN:
SF:src\cli\utils\ui.ts
FN:37,showBanner
FN:50,showCompactBanner
FN:72,box
FN:77,(anonymous_4)
FN:83,(anonymous_5)
FN:120,success
FN:131,error
FN:142,warning
FN:153,info
FN:164,step
FN:181,list
FN:185,(anonymous_12)
FN:193,keyValue
FN:201,table
FN:202,(anonymous_15)
FN:203,(anonymous_16)
FN:210,(anonymous_17)
FN:215,(anonymous_18)
FN:217,(anonymous_19)
FN:231,progressBar
FN:244,divider
FN:251,nextSteps
FN:253,(anonymous_23)
FN:262,stripAnsi
FN:270,sectionHeader
FN:277,code
FN:287,highlight
FN:294,filePath
FN:301,timestamp
FNF:29
FNH:22
FNDA:0,showBanner
FNDA:16,showCompactBanner
FNDA:0,box
FNDA:0,(anonymous_4)
FNDA:0,(anonymous_5)
FNDA:10,success
FNDA:6,error
FNDA:2,warning
FNDA:6,info
FNDA:0,step
FNDA:3,list
FNDA:6,(anonymous_12)
FNDA:9,keyValue
FNDA:6,table
FNDA:12,(anonymous_15)
FNDA:40,(anonymous_16)
FNDA:12,(anonymous_17)
FNDA:20,(anonymous_18)
FNDA:40,(anonymous_19)
FNDA:0,progressBar
FNDA:9,divider
FNDA:8,nextSteps
FNDA:21,(anonymous_23)
FNDA:52,stripAnsi
FNDA:18,sectionHeader
FNDA:0,code
FNDA:9,highlight
FNDA:24,filePath
FNDA:1,timestamp
DA:4,6
DA:5,6
DA:13,6
DA:25,6
DA:37,6
DA:39,0
DA:40,0
DA:41,0
DA:42,0
DA:43,0
DA:44,0
DA:50,6
DA:51,16
DA:72,6
DA:73,0
DA:75,0
DA:76,0
DA:77,0
DA:80,0
DA:82,0
DA:83,0
DA:85,0
DA:87,0
DA:88,0
DA:90,0
DA:93,0
DA:94,0
DA:96,0
DA:101,0
DA:105,0
DA:106,0
DA:107,0
DA:108,0
DA:112,0
DA:114,0
DA:120,6
DA:121,10
DA:122,10
DA:123,10
DA:124,6
DA:131,6
DA:132,6
DA:133,6
DA:134,6
DA:135,6
DA:142,6
DA:143,2
DA:144,2
DA:145,2
DA:146,2
DA:153,6
DA:154,6
DA:155,6
DA:156,6
DA:157,6
DA:164,6
DA:165,0
DA:166,0
DA:168,0
DA:181,6
DA:182,3
DA:183,3
DA:185,3
DA:186,6
DA:193,6
DA:194,9
DA:195,9
DA:201,6
DA:202,6
DA:203,40
DA:204,12
DA:208,6
DA:209,6
DA:210,12
DA:212,6
DA:215,6
DA:216,20
DA:219,40
DA:220,40
DA:223,20
DA:225,6
DA:231,6
DA:232,0
DA:233,0
DA:234,0
DA:237,0
DA:238,0
DA:244,6
DA:245,9
DA:251,6
DA:252,8
DA:253,8
DA:254,21
DA:256,8
DA:264,52
DA:270,6
DA:271,18
DA:277,6
DA:278,0
DA:279,0
DA:280,0
DA:287,6
DA:288,9
DA:294,6
DA:295,24
DA:301,6
DA:302,1
DA:303,1
DA:306,6
DA:329,6
LF:110
LH:72
BRDA:72,0,0,0
BRDA:73,1,0,0
BRDA:73,2,0,0
BRDA:73,3,0,0
BRDA:78,4,0,0
BRDA:78,4,1,0
BRDA:83,5,0,0
BRDA:83,5,1,0
BRDA:93,6,0,0
BRDA:93,6,1,0
BRDA:123,7,0,6
BRDA:134,8,0,6
BRDA:145,9,0,2
BRDA:156,10,0,6
BRDA:182,11,0,3
BRDA:193,12,0,9
BRDA:203,13,0,40
BRDA:203,13,1,0
BRDA:219,14,0,40
BRDA:219,14,1,0
BRDA:220,15,0,20
BRDA:220,15,1,20
BRDA:231,16,0,0
BRDA:244,17,0,9
BRDA:244,18,0,9
BRDA:279,19,0,0
BRDA:302,20,0,1
BRDA:302,20,1,0
BRF:28
BRH:13
end_of_record
TN:
SF:src\core\auth.ts
FN:13,(anonymous_9)
FN:18,(anonymous_10)
FN:41,(anonymous_11)
FN:60,(anonymous_12)
FN:75,(anonymous_13)
FN:82,(anonymous_14)
FN:91,(anonymous_15)
FN:103,(anonymous_16)
FN:113,(anonymous_17)
FNF:9
FNH:8
FNDA:9,(anonymous_9)
FNDA:4,(anonymous_10)
FNDA:8,(anonymous_11)
FNDA:12,(anonymous_12)
FNDA:0,(anonymous_13)
FNDA:1,(anonymous_14)
FNDA:1,(anonymous_15)
FNDA:1,(anonymous_16)
FNDA:1,(anonymous_17)
DA:3,2
DA:4,2
DA:5,2
DA:6,2
DA:13,2
DA:14,9
DA:15,9
DA:16,9
DA:20,4
DA:21,0
DA:25,4
DA:30,4
DA:31,4
DA:35,4
DA:38,4
DA:43,8
DA:44,0
DA:47,8
DA:48,8
DA:50,5
DA:51,1
DA:54,4
DA:61,12
DA:62,4
DA:64,8
DA:65,8
DA:66,8
DA:68,0
DA:76,0
DA:83,1
DA:84,1
DA:85,1
DA:92,1
DA:93,1
DA:95,1
DA:96,1
DA:97,1
DA:99,1
DA:100,1
DA:104,1
DA:105,1
DA:107,1
DA:114,1
LF:43
LH:39
BRDA:20,0,0,0
BRDA:20,1,0,4
BRDA:20,1,1,4
BRDA:30,2,0,4
BRDA:43,3,0,0
BRDA:48,4,0,3
BRDA:50,5,0,1
BRDA:61,6,0,4
BRDA:84,7,0,0
BRDA:93,8,0,0
BRDA:99,9,0,0
BRDA:104,10,0,1
BRF:12
BRH:7
end_of_record
TN:
SF:src\core\generator.ts
FN:24,(anonymous_9)
FN:31,(anonymous_10)
FN:65,(anonymous_11)
FNF:3
FNH:3
FNDA:3,(anonymous_9)
FNDA:3,(anonymous_10)
FNDA:3,(anonymous_11)
DA:3,1
DA:4,1
DA:5,1
DA:6,1
DA:8,1
DA:9,1
DA:10,1
DA:11,1
DA:12,1
DA:21,1
DA:25,3
DA:26,3
DA:27,3
DA:28,3
DA:32,3
DA:34,3
DA:36,3
DA:39,3
DA:40,3
DA:41,3
DA:42,0
DA:43,0
DA:44,0
DA:47,3
DA:48,3
DA:50,3
DA:52,3
DA:53,3
DA:54,0
DA:55,0
DA:56,0
DA:59,3
DA:62,3
DA:66,3
DA:68,3
DA:69,0
DA:70,3
DA:71,3
DA:72,0
DA:73,0
DA:76,0
LF:41
LH:31
BRDA:41,0,0,0
BRDA:53,1,0,0
BRDA:68,2,0,0
BRDA:68,2,1,3
BRDA:70,3,0,3
BRDA:70,3,1,0
BRDA:70,4,0,3
BRDA:70,4,1,0
BRDA:72,5,0,0
BRDA:72,6,0,0
BRDA:72,6,1,0
BRF:11
BRH:3
end_of_record
TN:
SF:src\core\logger.ts
FN:5,(anonymous_1)
FN:24,(anonymous_2)
FN:30,(anonymous_3)
FN:34,(anonymous_4)
FN:38,(anonymous_5)
FN:42,(anonymous_6)
FN:91,(anonymous_7)
FN:95,(anonymous_8)
FN:99,(anonymous_9)
FN:103,(anonymous_10)
FN:110,(anonymous_11)
FN:125,(anonymous_12)
FN:132,(anonymous_13)
FNF:13
FNH:7
FNDA:4,(anonymous_1)
FNDA:4,(anonymous_2)
FNDA:0,(anonymous_3)
FNDA:0,(anonymous_4)
FNDA:14,(anonymous_5)
FNDA:14,(anonymous_6)
FNDA:1,(anonymous_7)
FNDA:12,(anonymous_8)
FNDA:1,(anonymous_9)
FNDA:0,(anonymous_10)
FNDA:0,(anonymous_11)
FNDA:0,(anonymous_12)
FNDA:0,(anonymous_13)
DA:3,4
DA:5,4
DA:6,4
DA:7,4
DA:8,4
DA:9,4
DA:18,4
DA:25,4
DA:26,4
DA:27,4
DA:31,0
DA:35,0
DA:39,14
DA:43,14
DA:45,14
DA:46,14
DA:48,14
DA:49,0
DA:55,0
DA:56,0
DA:59,14
DA:61,14
DA:63,14
DA:70,14
DA:77,14
DA:78,14
DA:80,14
DA:82,14
DA:83,1
DA:84,13
DA:85,0
DA:87,13
DA:92,1
DA:96,12
DA:100,1
DA:104,0
DA:111,0
DA:116,0
DA:117,0
DA:119,0
DA:126,0
DA:133,0
DA:137,4
LF:43
LH:30
BRDA:5,0,0,4
BRDA:5,0,1,4
BRDA:24,1,0,4
BRDA:25,2,0,4
BRDA:25,2,1,4
BRDA:25,3,0,4
BRDA:25,3,1,0
BRDA:26,4,0,4
BRDA:26,4,1,4
BRDA:26,4,2,4
BRDA:27,5,0,4
BRDA:27,5,1,4
BRDA:43,6,0,0
BRDA:45,7,0,0
BRDA:45,7,1,14
BRDA:48,8,0,0
BRDA:51,9,0,0
BRDA:51,9,1,0
BRDA:59,10,0,0
BRDA:59,10,1,14
BRDA:61,11,0,2
BRDA:61,11,1,12
BRDA:61,12,0,14
BRDA:61,12,1,2
BRDA:82,13,0,1
BRDA:82,13,1,13
BRDA:84,14,0,0
BRDA:84,14,1,13
BRDA:114,15,0,0
BRDA:114,15,1,0
BRDA:116,16,0,0
BRF:31
BRH:20
end_of_record
TN:
SF:src\core\pathSafety.ts
FN:19,isOutsideProjectAllowed
FN:23,resolveProjectRoot
FN:27,isPathWithin
FN:32,resolveSpecPath
FN:49,prepareOutputDirectory
FN:81,safeWriteGeneratedFile
FN:114,validatePathInput
FN:123,ensurePathHasNoSymlinks
FNF:8
FNH:8
FNDA:11,isOutsideProjectAllowed
FNDA:11,resolveProjectRoot
FNDA:35,isPathWithin
FNDA:5,resolveSpecPath
FNDA:6,prepareOutputDirectory
FNDA:12,safeWriteGeneratedFile
FNDA:23,validatePathInput
FNDA:16,ensurePathHasNoSymlinks
DA:3,3
DA:4,3
DA:17,3
DA:19,3
DA:20,11
DA:23,3
DA:24,11
DA:27,3
DA:28,35
DA:29,35
DA:32,3
DA:33,5
DA:35,5
DA:36,5
DA:38,5
DA:39,5
DA:40,5
DA:41,1
DA:46,4
DA:49,3
DA:53,6
DA:55,6
DA:56,6
DA:57,6
DA:59,6
DA:60,1
DA:65,5
DA:67,5
DA:68,5
DA:69,0
DA:72,5
DA:74,5
DA:81,3
DA:86,12
DA:87,12
DA:88,0
DA:91,12
DA:92,12
DA:93,1
DA:96,11
DA:97,11
DA:98,11
DA:99,0
DA:102,11
DA:103,11
DA:105,11
DA:106,11
DA:107,0
DA:110,11
DA:111,11
DA:115,23
DA:116,0
DA:118,23
DA:119,0
DA:124,16
DA:125,16
DA:126,16
DA:127,16
DA:128,0
DA:130,16
DA:133,0
DA:134,0
DA:135,0
DA:136,0
DA:137,0
DA:140,0
DA:141,0
DA:142,0
DA:143,0
DA:144,0
LF:70
LH:53
BRDA:19,0,0,0
BRDA:20,1,0,11
BRDA:20,1,1,9
BRDA:23,2,0,11
BRDA:29,3,0,35
BRDA:29,3,1,24
BRDA:29,3,2,22
BRDA:32,4,0,1
BRDA:40,5,0,1
BRDA:40,6,0,5
BRDA:40,6,1,4
BRDA:51,7,0,2
BRDA:59,8,0,1
BRDA:59,9,0,6
BRDA:59,9,1,5
BRDA:68,10,0,0
BRDA:68,11,0,5
BRDA:68,11,1,4
BRDA:87,12,0,0
BRDA:92,13,0,1
BRDA:92,14,0,12
BRDA:92,14,1,11
BRDA:98,15,0,0
BRDA:106,16,0,0
BRDA:115,17,0,0
BRDA:115,18,0,23
BRDA:115,18,1,23
BRDA:118,19,0,0
BRDA:125,20,0,16
BRDA:125,21,0,16
BRDA:125,21,1,0
BRDA:127,22,0,0
BRDA:136,23,0,0
BRDA:143,24,0,0
BRF:34
BRH:23
end_of_record
TN:
SF:src\core\secrets.ts
FN:24,(anonymous_9)
FN:31,(anonymous_10)
FN:41,(anonymous_11)
FN:48,(anonymous_12)
FN:60,(anonymous_13)
FN:81,(anonymous_14)
FN:102,(anonymous_15)
FN:123,(anonymous_16)
FN:148,(anonymous_17)
FN:169,(anonymous_18)
FN:181,(anonymous_19)
FN:198,(anonymous_20)
FN:210,(anonymous_21)
FN:242,(anonymous_22)
FNF:14
FNH:14
FNDA:12,(anonymous_9)
FNDA:14,(anonymous_10)
FNDA:10,(anonymous_11)
FNDA:10,(anonymous_12)
FNDA:6,(anonymous_13)
FNDA:7,(anonymous_14)
FNDA:1,(anonymous_15)
FNDA:14,(anonymous_16)
FNDA:6,(anonymous_17)
FNDA:7,(anonymous_18)
FNDA:1,(anonymous_19)
FNDA:7,(anonymous_20)
FNDA:8,(anonymous_21)
FNDA:1,(anonymous_22)
DA:3,3
DA:4,3
DA:5,3
DA:6,3
DA:15,3
DA:16,12
DA:17,12
DA:18,12
DA:19,12
DA:20,12
DA:21,12
DA:22,12
DA:32,14
DA:34,10
DA:35,10
DA:38,10
DA:42,10
DA:44,10
DA:48,10
DA:51,10
DA:54,10
DA:61,6
DA:63,6
DA:64,0
DA:65,0
DA:66,0
DA:69,0
DA:70,0
DA:75,6
DA:82,7
DA:84,7
DA:85,0
DA:86,0
DA:87,0
DA:90,0
DA:91,0
DA:96,7
DA:103,1
DA:105,1
DA:106,0
DA:107,0
DA:110,0
DA:111,0
DA:116,1
DA:127,14
DA:130,14
DA:131,0
DA:134,14
DA:135,8
DA:138,6
DA:139,6
DA:144,14
DA:145,14
DA:149,6
DA:150,2
DA:153,6
DA:154,6
DA:155,0
DA:156,0
DA:157,0
DA:163,6
DA:165,6
DA:166,6
DA:170,7
DA:172,7
DA:173,7
DA:174,7
DA:175,6
DA:177,1
DA:182,1
DA:184,1
DA:185,1
DA:186,1
DA:188,1
DA:189,1
DA:190,1
DA:191,1
DA:201,7
DA:202,7
DA:203,7
DA:204,7
DA:205,7
DA:207,7
DA:211,8
DA:213,8
DA:215,1
DA:217,7
DA:218,0
DA:221,7
DA:222,7
DA:223,7
DA:224,7
DA:225,0
DA:227,7
DA:228,0
DA:230,7
DA:231,0
DA:234,7
DA:235,7
DA:236,7
DA:237,7
DA:238,6
DA:243,1
DA:244,1
DA:245,0
DA:248,1
DA:249,1
DA:250,1
DA:251,0
DA:253,1
DA:254,0
DA:258,1
DA:259,1
DA:260,1
DA:261,1
DA:262,1
DA:263,1
LF:117
LH:92
BRDA:32,0,0,4
BRDA:34,1,0,10
BRDA:42,2,0,0
BRDA:63,3,0,0
BRDA:69,4,0,0
BRDA:84,5,0,0
BRDA:87,6,0,0
BRDA:90,7,0,0
BRDA:105,8,0,0
BRDA:110,9,0,0
BRDA:130,10,0,0
BRDA:134,11,0,8
BRDA:134,11,1,6
BRDA:149,12,0,2
BRDA:154,13,0,0
BRDA:170,14,0,0
BRDA:175,15,0,6
BRDA:175,15,1,0
BRDA:182,16,0,0
BRDA:188,17,0,1
BRDA:213,18,0,1
BRDA:217,19,0,0
BRDA:224,20,0,0
BRDA:227,21,0,0
BRDA:230,22,0,0
BRDA:244,23,0,0
BRDA:250,24,0,0
BRDA:253,25,0,0
BRF:28
BRH:8
end_of_record
TN:
SF:src\core\telemetry.ts
FN:11,(anonymous_0)
FN:17,(anonymous_1)
FN:29,(anonymous_2)
FN:37,(anonymous_3)
FN:41,(anonymous_4)
FN:46,(anonymous_5)
FNF:6
FNH:3
FNDA:0,(anonymous_0)
FNDA:0,(anonymous_1)
FNDA:3,(anonymous_2)
FNDA:0,(anonymous_3)
FNDA:12,(anonymous_4)
FNDA:1,(anonymous_5)
DA:3,3
DA:12,0
DA:13,0
DA:18,0
DA:19,0
DA:24,3
DA:30,3
DA:31,3
DA:38,0
DA:42,12
DA:43,0
DA:47,1
DA:48,0
DA:52,3
LF:14
LH:7
BRDA:12,0,0,0
BRDA:18,1,0,0
BRDA:42,2,0,12
BRDA:47,3,0,1
BRF:4
BRH:2
end_of_record
TN:
SF:src\core\validator.ts
FN:44,(anonymous_10)
FN:53,(anonymous_11)
FN:79,(anonymous_12)
FN:87,(anonymous_13)
FNF:4
FNH:4
FNDA:6,(anonymous_10)
FNDA:11,(anonymous_11)
FNDA:1,(anonymous_12)
FNDA:4,(anonymous_13)
DA:1,3
DA:2,3
DA:3,3
DA:4,3
DA:5,3
DA:6,3
DA:18,3
DA:39,3
DA:45,6
DA:46,6
DA:47,6
DA:48,6
DA:54,11
DA:56,11
DA:57,11
DA:58,11
DA:61,11
DA:62,0
DA:63,11
DA:64,10
DA:65,10
DA:67,1
DA:69,1
DA:70,0
DA:72,1
DA:73,1
DA:76,9
DA:77,1
DA:78,1
DA:79,1
DA:80,1
DA:85,8
DA:86,8
DA:87,2
DA:88,4
DA:93,9
DA:95,1
DA:96,1
LF:38
LH:36
BRDA:53,0,0,7
BRDA:61,1,0,0
BRDA:61,1,1,11
BRDA:63,2,0,10
BRDA:63,2,1,1
BRDA:63,3,0,11
BRDA:63,3,1,1
BRDA:69,4,0,0
BRDA:69,4,1,1
BRDA:69,5,0,1
BRDA:69,5,1,1
BRDA:76,6,0,1
BRDA:76,6,1,8
BRDA:78,7,0,1
BRDA:78,8,0,1
BRDA:78,8,1,1
BRDA:80,9,0,1
BRDA:80,9,1,0
BRDA:86,10,0,2
BRF:19
BRH:16
end_of_record
TN:
SF:src\core\strategies\GoStrategy.ts
FN:47,(anonymous_9)
FN:51,(anonymous_10)
FN:59,(anonymous_11)
FN:71,(anonymous_12)
FN:83,(anonymous_13)
FN:106,(anonymous_14)
FN:109,(anonymous_15)
FN:115,(anonymous_16)
FN:133,(anonymous_17)
FN:157,(anonymous_18)
FN:166,(anonymous_19)
FN:170,(anonymous_20)
FN:187,(anonymous_21)
FN:194,(anonymous_22)
FNF:14
FNH:14
FNDA:5,(anonymous_9)
FNDA:3,(anonymous_10)
FNDA:3,(anonymous_11)
FNDA:3,(anonymous_12)
FNDA:3,(anonymous_13)
FNDA:3,(anonymous_14)
FNDA:9,(anonymous_15)
FNDA:3,(anonymous_16)
FNDA:35,(anonymous_17)
FNDA:36,(anonymous_18)
FNDA:9,(anonymous_19)
FNDA:9,(anonymous_20)
FNDA:56,(anonymous_21)
FNDA:61,(anonymous_22)
DA:1,2
DA:2,2
DA:3,2
DA:5,2
DA:6,2
DA:41,2
DA:42,2
DA:44,2
DA:45,5
DA:48,5
DA:52,3
DA:53,3
DA:55,3
DA:56,3
DA:60,3
DA:62,3
DA:63,3
DA:64,3
DA:65,3
DA:67,0
DA:72,3
DA:74,3
DA:75,3
DA:76,3
DA:77,3
DA:79,0
DA:84,3
DA:85,3
DA:87,3
DA:88,6
DA:89,10
DA:90,10
DA:91,1
DA:94,9
DA:103,3
DA:107,3
DA:109,3
DA:110,9
DA:111,1
DA:115,3
DA:122,8
DA:123,1
DA:130,7
DA:131,7
DA:132,7
DA:133,35
DA:141,7
DA:149,0
DA:158,36
DA:163,36
DA:167,9
DA:171,9
DA:173,5
DA:175,2
DA:177,1
DA:179,0
DA:181,1
DA:183,0
DA:188,56
DA:194,61
LF:60
LH:55
BRDA:84,0,0,3
BRDA:84,0,1,0
BRDA:88,1,0,6
BRDA:88,1,1,0
BRDA:90,2,0,1
BRDA:90,3,0,10
BRDA:90,3,1,9
BRDA:90,3,2,9
BRDA:107,4,0,3
BRDA:107,4,1,2
BRDA:110,5,0,1
BRDA:110,6,0,9
BRDA:110,6,1,1
BRDA:116,7,0,3
BRDA:116,7,1,0
BRDA:122,8,0,1
BRDA:122,9,0,8
BRDA:122,9,1,8
BRDA:130,10,0,7
BRDA:130,11,0,7
BRDA:130,11,1,0
BRDA:131,12,0,6
BRDA:131,12,1,1
BRDA:132,13,0,7
BRDA:132,13,1,0
BRDA:134,14,0,35
BRDA:134,14,1,0
BRDA:157,15,0,1
BRDA:157,16,0,1
BRDA:171,17,0,5
BRDA:171,17,1,2
BRDA:171,17,2,1
BRDA:171,17,3,0
BRDA:171,17,4,1
BRDA:171,17,5,0
BRF:35
BRH:27
end_of_record
TN:
SF:src\core\strategies\PythonStrategy.ts
FN:11,(anonymous_9)
FN:16,(anonymous_10)
FN:24,(anonymous_11)
FN:36,(anonymous_12)
FNF:4
FNH:4
FNDA:3,(anonymous_9)
FNDA:1,(anonymous_10)
FNDA:1,(anonymous_11)
FNDA:1,(anonymous_12)
DA:1,1
DA:2,1
DA:3,1
DA:5,1
DA:6,1
DA:8,1
DA:9,3
DA:13,3
DA:17,1
DA:18,1
DA:20,1
DA:21,1
DA:25,1
DA:27,1
DA:28,1
DA:29,1
DA:30,1
DA:32,0
DA:37,1
DA:39,1
DA:40,1
DA:41,1
DA:42,1
DA:44,0
LF:24
LH:22
BRF:0
BRH:0
end_of_record
TN:
SF:src\core\strategies\TypeScriptStrategy.ts
FN:14,(anonymous_9)
FN:19,(anonymous_10)
FN:27,(anonymous_11)
FN:40,(anonymous_12)
FNF:4
FNH:4
FNDA:3,(anonymous_9)
FNDA:1,(anonymous_10)
FNDA:1,(anonymous_11)
FNDA:1,(anonymous_12)
DA:1,1
DA:2,1
DA:3,1
DA:5,1
DA:6,1
DA:8,1
DA:12,3
DA:16,3
DA:20,1
DA:21,1
DA:23,1
DA:24,1
DA:28,1
DA:29,1
DA:31,1
DA:32,1
DA:33,1
DA:34,1
DA:36,0
DA:41,1
DA:43,1
DA:44,1
DA:45,1
DA:46,1
DA:48,0
LF:25
LH:23
BRDA:28,0,0,0
BRDA:28,0,1,1
BRF:2
BRH:1
end_of_record
TN:
SF:src\core\strategies\handlebarsHelpers.ts
FN:14,escapeCodeLiteral
FN:24,toPascalCase
FN:30,(anonymous_11)
FN:38,registerHandlebarsHelpers
FN:42,(anonymous_13)
FN:46,(anonymous_14)
FN:51,(anonymous_15)
FN:54,(anonymous_16)
FN:59,(anonymous_17)
FN:77,(anonymous_18)
FN:95,(anonymous_19)
FN:98,(anonymous_20)
FN:105,(anonymous_21)
FN:142,(anonymous_22)
FN:188,(anonymous_23)
FN:194,(anonymous_24)
FN:199,(anonymous_25)
FN:204,(anonymous_26)
FN:210,(anonymous_27)
FNF:19
FNH:8
FNDA:2,escapeCodeLiteral
FNDA:0,toPascalCase
FNDA:0,(anonymous_11)
FNDA:12,registerHandlebarsHelpers
FNDA:19,(anonymous_13)
FNDA:0,(anonymous_14)
FNDA:2,(anonymous_15)
FNDA:2,(anonymous_16)
FNDA:1,(anonymous_17)
FNDA:2,(anonymous_18)
FNDA:0,(anonymous_19)
FNDA:0,(anonymous_20)
FNDA:0,(anonymous_21)
FNDA:43,(anonymous_22)
FNDA:0,(anonymous_23)
FNDA:0,(anonymous_24)
FNDA:0,(anonymous_25)
FNDA:0,(anonymous_26)
FNDA:0,(anonymous_27)
DA:10,3
DA:12,3
DA:15,2
DA:25,0
DA:30,0
DA:38,3
DA:39,12
DA:42,3
DA:43,19
DA:46,3
DA:47,0
DA:51,3
DA:52,2
DA:53,2
DA:54,2
DA:55,2
DA:59,3
DA:60,1
DA:62,1
DA:63,0
DA:64,0
DA:67,1
DA:68,0
DA:69,0
DA:72,1
DA:73,1
DA:74,1
DA:75,1
DA:76,1
DA:77,2
DA:79,0
DA:81,0
DA:82,0
DA:84,0
DA:87,0
DA:89,0
DA:93,0
DA:94,0
DA:95,0
DA:97,0
DA:98,0
DA:101,0
DA:105,3
DA:106,0
DA:108,0
DA:110,0
DA:111,0
DA:112,0
DA:113,0
DA:114,0
DA:117,0
DA:118,0
DA:119,0
DA:120,0
DA:121,0
DA:122,0
DA:123,0
DA:124,0
DA:125,0
DA:126,0
DA:127,0
DA:129,0
DA:131,0
DA:132,0
DA:135,0
DA:136,0
DA:137,0
DA:139,0
DA:142,3
DA:143,43
DA:145,43
DA:146,43
DA:147,3
DA:148,3
DA:149,40
DA:150,4
DA:153,4
DA:154,4
DA:155,36
DA:156,11
DA:157,25
DA:158,0
DA:159,25
DA:160,1
DA:161,24
DA:162,22
DA:163,2
DA:164,2
DA:165,2
DA:166,1
DA:169,1
DA:171,1
DA:174,0
DA:178,43
DA:179,43
DA:180,24
DA:181,4
DA:183,20
DA:185,19
DA:188,3
DA:189,0
DA:190,0
DA:194,3
DA:195,0
DA:199,3
DA:200,0
DA:204,3
DA:205,0
DA:206,0
DA:210,3
DA:211,0
DA:214,3
LF:112
LH:59
BRDA:39,0,0,9
BRDA:47,1,0,0
BRDA:47,1,1,0
BRDA:60,2,0,0
BRDA:62,3,0,0
BRDA:67,4,0,0
BRDA:68,5,0,0
BRDA:68,5,1,0
BRDA:72,6,0,0
BRDA:72,7,0,1
BRDA:72,7,1,1
BRDA:73,8,0,0
BRDA:74,9,0,1
BRDA:75,10,0,0
BRDA:75,11,0,1
BRDA:75,11,1,1
BRDA:76,12,0,1
BRDA:81,13,0,0
BRDA:82,14,0,0
BRDA:84,15,0,0
BRDA:84,15,1,0
BRDA:93,16,0,0
BRDA:93,17,0,0
BRDA:93,17,1,0
BRDA:94,18,0,0
BRDA:94,18,1,0
BRDA:97,19,0,0
BRDA:108,20,0,0
BRDA:110,21,0,0
BRDA:110,21,1,0
BRDA:113,22,0,0
BRDA:113,22,1,0
BRDA:114,23,0,0
BRDA:114,23,1,0
BRDA:119,24,0,0
BRDA:119,24,1,0
BRDA:121,25,0,0
BRDA:121,25,1,0
BRDA:123,26,0,0
BRDA:123,26,1,0
BRDA:125,27,0,0
BRDA:125,27,1,0
BRDA:126,28,0,0
BRDA:126,28,1,0
BRDA:131,29,0,0
BRDA:135,30,0,0
BRDA:135,30,1,0
BRDA:136,31,0,0
BRDA:136,32,0,0
BRDA:136,32,1,0
BRDA:143,33,0,0
BRDA:146,34,0,3
BRDA:146,34,1,40
BRDA:149,35,0,4
BRDA:149,35,1,36
BRDA:150,36,0,4
BRDA:150,36,1,0
BRDA:155,37,0,11
BRDA:155,37,1,25
BRDA:157,38,0,0
BRDA:157,38,1,25
BRDA:159,39,0,1
BRDA:159,39,1,24
BRDA:161,40,0,22
BRDA:161,40,1,2
BRDA:163,41,0,2
BRDA:164,42,0,2
BRDA:164,42,1,0
BRDA:165,43,0,1
BRDA:165,43,1,1
BRDA:178,44,0,43
BRDA:178,44,1,43
BRDA:179,45,0,24
BRDA:179,46,0,43
BRDA:179,46,1,30
BRDA:180,47,0,4
BRDA:180,48,0,24
BRDA:180,48,1,21
BRDA:180,48,2,20
BRDA:190,49,0,0
BRDA:190,49,1,0
BRDA:195,50,0,0
BRDA:195,50,1,0
BRDA:200,51,0,0
BRDA:200,51,1,0
BRDA:205,52,0,0
BRDA:205,53,0,0
BRDA:205,53,1,0
BRF:88
BRH:32
end_of_record
TN:
SF:src\plugins\goGenerator.ts
FN:7,(anonymous_1)
FN:10,(anonymous_2)
FN:14,(anonymous_3)
FNF:3
FNH:0
FNDA:0,(anonymous_1)
FNDA:0,(anonymous_2)
FNDA:0,(anonymous_3)
DA:3,0
DA:5,0
DA:7,0
DA:8,0
DA:15,0
DA:16,0
DA:17,0
DA:18,0
DA:19,0
DA:20,0
DA:22,0
DA:23,0
LF:12
LH:0
BRF:0
BRH:0
end_of_record
TN:
SF:src\plugins\plugin.ts
FN:27,loadPlugins
FNF:1
FNH:1
FNDA:3,loadPlugins
DA:3,3
DA:4,3
DA:5,3
DA:27,3
DA:28,3
DA:29,3
DA:30,3
DA:35,3
DA:36,3
DA:38,0
DA:41,3
DA:42,3
DA:44,22
DA:47,6
DA:49,6
DA:51,6
DA:52,6
DA:54,0
DA:56,6
DA:60,6
DA:61,6
DA:63,0
DA:65,6
DA:68,6
DA:69,6
DA:70,6
DA:71,6
DA:72,5
DA:75,3
LF:29
LH:26
BRDA:29,0,0,0
BRDA:44,1,0,16
BRDA:47,2,0,0
BRDA:56,3,0,0
BRDA:56,4,0,6
BRDA:56,4,1,6
BRDA:65,5,0,0
BRDA:65,6,0,6
BRDA:65,6,1,0
BRDA:69,7,0,6
BRDA:69,7,1,2
BRDA:70,8,0,4
BRDA:70,8,1,2
BRDA:71,9,0,5
BRDA:71,10,0,6
BRDA:71,10,1,6
BRDA:71,10,2,5
BRF:17
BRH:12
end_of_record
TN:
SF:src\plugins\pythonGenerator.ts
FN:7,(anonymous_1)
FN:10,(anonymous_2)
FN:14,(anonymous_3)
FNF:3
FNH:0
FNDA:0,(anonymous_1)
FNDA:0,(anonymous_2)
FNDA:0,(anonymous_3)
DA:3,0
DA:5,0
DA:7,0
DA:8,0
DA:15,0
DA:16,0
DA:17,0
DA:18,0
DA:19,0
DA:20,0
DA:22,0
DA:23,0
LF:12
LH:0
BRF:0
BRH:0
end_of_record
TN:
SF:src\plugins\specLint.ts
FN:7,(anonymous_1)
FN:10,(anonymous_2)
FN:14,(anonymous_3)
FN:20,(anonymous_4)
FNF:4
FNH:0
FNDA:0,(anonymous_1)
FNDA:0,(anonymous_2)
FNDA:0,(anonymous_3)
FNDA:0,(anonymous_4)
DA:4,0
DA:5,0
DA:7,0
DA:8,0
DA:15,0
DA:16,0
DA:17,0
DA:18,0
DA:19,0
DA:20,0
DA:22,0
DA:24,0
LF:12
LH:0
BRDA:18,0,0,0
BRDA:18,0,1,0
BRF:2
BRH:0
end_of_record
TN:
SF:src\plugins\typescriptGenerator.ts
FN:7,(anonymous_1)
FN:10,(anonymous_2)
FN:14,(anonymous_3)
FNF:3
FNH:0
FNDA:0,(anonymous_1)
FNDA:0,(anonymous_2)
FNDA:0,(anonymous_3)
DA:3,0
DA:5,0
DA:7,0
DA:8,0
DA:15,0
DA:16,0
DA:17,0
DA:18,0
DA:19,0
DA:20,0
DA:22,0
DA:23,0
LF:12
LH:0
BRF:0
BRH:0
end_of_record
